[debug] [2024-06-09T19:49:32.488Z] ----------------------------------------------------------------------
[debug] [2024-06-09T19:49:32.490Z] Command:       C:\Program Files\nodejs\node.exe C:\Users\diego\AppData\Roaming\npm\node_modules\firebase-tools\lib\bin\firebase.js init hosting
[debug] [2024-06-09T19:49:32.492Z] CLI Version:   12.9.1
[debug] [2024-06-09T19:49:32.492Z] Platform:      win32
[debug] [2024-06-09T19:49:32.493Z] Node Version:  v18.13.0
[debug] [2024-06-09T19:49:32.495Z] Time:          Sun Jun 09 2024 14:49:32 GMT-0500 (hora estándar de Perú)
[debug] [2024-06-09T19:49:32.495Z] ----------------------------------------------------------------------
[debug] 
[debug] [2024-06-09T19:49:32.506Z] > command requires scopes: ["email","openid","https://www.googleapis.com/auth/cloudplatformprojects.readonly","https://www.googleapis.com/auth/firebase","https://www.googleapis.com/auth/cloud-platform"]
[debug] [2024-06-09T19:49:32.507Z] > authorizing via signed-in user (diegoj1612@gmail.com)
[info] 
     ######## #### ########  ######## ########     ###     ######  ########
     ##        ##  ##     ## ##       ##     ##  ##   ##  ##       ##
     ######    ##  ########  ######   ########  #########  ######  ######
     ##        ##  ##    ##  ##       ##     ## ##     ##       ## ##
     ##       #### ##     ## ######## ########  ##     ##  ######  ########

You're about to initialize a Firebase project in this directory:

  D:\UNIVERSIDAD\8VO SEMESTRE\APP WEB\Onc-FrontEnd

[info] 
=== Project Setup
[info] 
[info] First, let's associate this project directory with a Firebase project.
[info] You can create multiple project aliases by running firebase use --add, 
[info] but for now we'll just set up a default project.
[info] 
